The system is: Windows - 10.0.22621 - AMD64
The system is: Windows - 10.0.22621 - AMD64
Compiling the C compiler identification source file "CMakeCCompilerId.c" succeeded.
Compiler:  
Build flags: 
Id flags:  

The output was:
0
MSBuild version 17.5.1+f6fdcf537 for .NET Framework
生成启动时间为 2023/4/30 19:54:24。
Included response file: D:\vs\ide\MSBuild\Current\Bin\amd64\MSBuild.rsp

节点 1 上的项目“F:\Netife\NetifeDispatcher\cmake-build-debug-visual-studio\CMakeFiles\3.25.2\CompilerIdC\CompilerIdC.vcxproj”(默认目标)。
PrepareForBuild:
  正在创建目录“Debug\”。
  正在创建目录“Debug\CompilerIdC.tlog\”。
InitializeBuildStatus:
  正在创建“Debug\CompilerIdC.tlog\unsuccessfulbuild”，因为已指定“AlwaysCreate”。
VcpkgTripletSelection:
  Using triplet "x64-windows" from "D:\vcpkg\installed\x64-windows\"
  Using normalized configuration "Release"
ClCompile:
  D:\vs\ide\VC\Tools\MSVC\14.35.32215\bin\HostX64\x64\CL.exe /c /I"D:\vcpkg\installed\x64-windows\include" /nologo /W0 /WX- /diagnostics:column /Od /D _MBCS /Gm- /EHsc /RTC1 /MDd /GS /fp:precise /Zc:wchar_t /Zc:forScope /Zc:inline /Fo"Debug\\" /Fd"Debug\vc143.pdb" /external:W0 /Gd /TC /FC /errorReport:queue CMakeCCompilerId.c
  CMakeCCompilerId.c
Link:
  D:\vs\ide\VC\Tools\MSVC\14.35.32215\bin\HostX64\x64\link.exe /ERRORREPORT:QUEUE /OUT:".\CompilerIdC.exe" /INCREMENTAL:NO /NOLOGO /LIBPATH:"D:\vcpkg\installed\x64-windows\lib" /LIBPATH:"D:\vcpkg\installed\x64-windows\lib\manual-link" kernel32.lib user32.lib gdi32.lib winspool.lib comdlg32.lib advapi32.lib shell32.lib ole32.lib oleaut32.lib uuid.lib odbc32.lib odbccp32.lib "D:\vcpkg\installed\x64-windows\lib\*.lib" /MANIFEST /MANIFESTUAC:"level='asInvoker' uiAccess='false'" /manifest:embed /PDB:".\CompilerIdC.pdb" /SUBSYSTEM:CONSOLE /TLBID:1 /DYNAMICBASE /NXCOMPAT /IMPLIB:".\CompilerIdC.lib" /MACHINE:X64 Debug\CMakeCCompilerId.obj
  CompilerIdC.vcxproj -> F:\Netife\NetifeDispatcher\cmake-build-debug-visual-studio\CMakeFiles\3.25.2\CompilerIdC\CompilerIdC.exe
AppLocalFromInstalled:
  pwsh.exe -ExecutionPolicy Bypass -noprofile -File "D:\vcpkg\scripts\buildsystems\msbuild\applocal.ps1" "F:\Netife\NetifeDispatcher\cmake-build-debug-visual-studio\CMakeFiles\3.25.2\CompilerIdC\CompilerIdC.exe" "D:\vcpkg\installed\x64-windows\bin" "Debug\CompilerIdC.tlog\CompilerIdC.write.1u.tlog" "Debug\vcpkg.applocal.log"
PostBuildEvent:
  for %%i in (cl.exe) do @echo CMAKE_C_COMPILER=%%~$PATH:i
  :VCEnd
  CMAKE_C_COMPILER=D:\vs\ide\VC\Tools\MSVC\14.35.32215\bin\Hostx64\x64\cl.exe
FinalizeBuildStatus:
  正在删除文件“Debug\CompilerIdC.tlog\unsuccessfulbuild”。
  正在对“Debug\CompilerIdC.tlog\CompilerIdC.lastbuildstate”执行 Touch 任务。
已完成生成项目“F:\Netife\NetifeDispatcher\cmake-build-debug-visual-studio\CMakeFiles\3.25.2\CompilerIdC\CompilerIdC.vcxproj”(默认目标)的操作。

已成功生成。
    0 个警告
    0 个错误

已用时间 00:00:03.81


Compilation of the C compiler identification source "CMakeCCompilerId.c" produced "CompilerIdC.exe"

Compilation of the C compiler identification source "CMakeCCompilerId.c" produced "CompilerIdC.vcxproj"

The C compiler identification is MSVC, found in "F:/Netife/NetifeDispatcher/cmake-build-debug-visual-studio/CMakeFiles/3.25.2/CompilerIdC/CompilerIdC.exe"

Compiling the CXX compiler identification source file "CMakeCXXCompilerId.cpp" succeeded.
Compiler:  
Build flags: 
Id flags:  

The output was:
0
MSBuild version 17.5.1+f6fdcf537 for .NET Framework
生成启动时间为 2023/4/30 19:54:28。
Included response file: D:\vs\ide\MSBuild\Current\Bin\amd64\MSBuild.rsp

节点 1 上的项目“F:\Netife\NetifeDispatcher\cmake-build-debug-visual-studio\CMakeFiles\3.25.2\CompilerIdCXX\CompilerIdCXX.vcxproj”(默认目标)。
PrepareForBuild:
  正在创建目录“Debug\”。
  正在创建目录“Debug\CompilerIdCXX.tlog\”。
InitializeBuildStatus:
  正在创建“Debug\CompilerIdCXX.tlog\unsuccessfulbuild”，因为已指定“AlwaysCreate”。
VcpkgTripletSelection:
  Using triplet "x64-windows" from "D:\vcpkg\installed\x64-windows\"
  Using normalized configuration "Release"
ClCompile:
  D:\vs\ide\VC\Tools\MSVC\14.35.32215\bin\HostX64\x64\CL.exe /c /I"D:\vcpkg\installed\x64-windows\include" /nologo /W0 /WX- /diagnostics:column /Od /D _MBCS /Gm- /EHsc /RTC1 /MDd /GS /fp:precise /Zc:wchar_t /Zc:forScope /Zc:inline /Fo"Debug\\" /Fd"Debug\vc143.pdb" /external:W0 /Gd /TP /FC /errorReport:queue CMakeCXXCompilerId.cpp
  CMakeCXXCompilerId.cpp
Link:
  D:\vs\ide\VC\Tools\MSVC\14.35.32215\bin\HostX64\x64\link.exe /ERRORREPORT:QUEUE /OUT:".\CompilerIdCXX.exe" /INCREMENTAL:NO /NOLOGO /LIBPATH:"D:\vcpkg\installed\x64-windows\lib" /LIBPATH:"D:\vcpkg\installed\x64-windows\lib\manual-link" kernel32.lib user32.lib gdi32.lib winspool.lib comdlg32.lib advapi32.lib shell32.lib ole32.lib oleaut32.lib uuid.lib odbc32.lib odbccp32.lib "D:\vcpkg\installed\x64-windows\lib\*.lib" /MANIFEST /MANIFESTUAC:"level='asInvoker' uiAccess='false'" /manifest:embed /PDB:".\CompilerIdCXX.pdb" /SUBSYSTEM:CONSOLE /TLBID:1 /DYNAMICBASE /NXCOMPAT /IMPLIB:".\CompilerIdCXX.lib" /MACHINE:X64 Debug\CMakeCXXCompilerId.obj
  CompilerIdCXX.vcxproj -> F:\Netife\NetifeDispatcher\cmake-build-debug-visual-studio\CMakeFiles\3.25.2\CompilerIdCXX\CompilerIdCXX.exe
AppLocalFromInstalled:
  pwsh.exe -ExecutionPolicy Bypass -noprofile -File "D:\vcpkg\scripts\buildsystems\msbuild\applocal.ps1" "F:\Netife\NetifeDispatcher\cmake-build-debug-visual-studio\CMakeFiles\3.25.2\CompilerIdCXX\CompilerIdCXX.exe" "D:\vcpkg\installed\x64-windows\bin" "Debug\CompilerIdCXX.tlog\CompilerIdCXX.write.1u.tlog" "Debug\vcpkg.applocal.log"
PostBuildEvent:
  for %%i in (cl.exe) do @echo CMAKE_CXX_COMPILER=%%~$PATH:i
  :VCEnd
  CMAKE_CXX_COMPILER=D:\vs\ide\VC\Tools\MSVC\14.35.32215\bin\Hostx64\x64\cl.exe
FinalizeBuildStatus:
  正在删除文件“Debug\CompilerIdCXX.tlog\unsuccessfulbuild”。
  正在对“Debug\CompilerIdCXX.tlog\CompilerIdCXX.lastbuildstate”执行 Touch 任务。
已完成生成项目“F:\Netife\NetifeDispatcher\cmake-build-debug-visual-studio\CMakeFiles\3.25.2\CompilerIdCXX\CompilerIdCXX.vcxproj”(默认目标)的操作。

已成功生成。
    0 个警告
    0 个错误

已用时间 00:00:01.74


Compilation of the CXX compiler identification source "CMakeCXXCompilerId.cpp" produced "CompilerIdCXX.exe"

Compilation of the CXX compiler identification source "CMakeCXXCompilerId.cpp" produced "CompilerIdCXX.vcxproj"

The CXX compiler identification is MSVC, found in "F:/Netife/NetifeDispatcher/cmake-build-debug-visual-studio/CMakeFiles/3.25.2/CompilerIdCXX/CompilerIdCXX.exe"

Detecting C compiler ABI info compiled with the following output:
Change Dir: F:/Netife/NetifeDispatcher/cmake-build-debug-visual-studio/CMakeFiles/CMakeScratch/TryCompile-zxo4h0

Run Build Command(s):D:/vs/ide/MSBuild/Current/Bin/amd64/MSBuild.exe cmTC_b4c45.vcxproj /p:Configuration=Debug /p:Platform=x64 /p:VisualStudioVersion=17.0 /v:m && MSBuild version 17.5.1+f6fdcf537 for .NET Framework

  用于 x64 的 Microsoft (R) C/C++ 优化编译器 19.35.32217.1 版
  CMakeCCompilerABI.c
  版权所有(C) Microsoft Corporation。保留所有权利。
  cl /c /Zi /W1 /WX- /diagnostics:column /Od /Ob0 /D _MBCS /D WIN32 /D _WINDOWS /D "CMAKE_INTDIR=\"Debug\"" /Gm- /RTC1 /MDd /GS /fp:precise /Zc:wchar_t /Zc:forScope /Zc:inline /Fo"cmTC_b4c45.dir\Debug\\" /Fd"cmTC_b4c45.dir\Debug\vc143.pdb" /external:W1 /Gd /TC /errorReport:queue "D:\Jetbrains\apps\CLion\ch-0\231.8770.66\bin\cmake\win\x64\share\cmake-3.25\Modules\CMakeCCompilerABI.c"
  cmTC_b4c45.vcxproj -> F:\Netife\NetifeDispatcher\cmake-build-debug-visual-studio\CMakeFiles\CMakeScratch\TryCompile-zxo4h0\Debug\cmTC_b4c45.exe



Detecting CXX compiler ABI info compiled with the following output:
Change Dir: F:/Netife/NetifeDispatcher/cmake-build-debug-visual-studio/CMakeFiles/CMakeScratch/TryCompile-w1sorx

Run Build Command(s):D:/vs/ide/MSBuild/Current/Bin/amd64/MSBuild.exe cmTC_7ad5f.vcxproj /p:Configuration=Debug /p:Platform=x64 /p:VisualStudioVersion=17.0 /v:m && MSBuild version 17.5.1+f6fdcf537 for .NET Framework

  用于 x64 的 Microsoft (R) C/C++ 优化编译器 19.35.32217.1 版
  CMakeCXXCompilerABI.cpp
  版权所有(C) Microsoft Corporation。保留所有权利。
  cl /c /Zi /W1 /WX- /diagnostics:column /Od /Ob0 /D _MBCS /D WIN32 /D _WINDOWS /D "CMAKE_INTDIR=\"Debug\"" /Gm- /EHsc /RTC1 /MDd /GS /fp:precise /Zc:wchar_t /Zc:forScope /Zc:inline /Fo"cmTC_7ad5f.dir\Debug\\" /Fd"cmTC_7ad5f.dir\Debug\vc143.pdb" /external:W1 /Gd /TP /errorReport:queue "D:\Jetbrains\apps\CLion\ch-0\231.8770.66\bin\cmake\win\x64\share\cmake-3.25\Modules\CMakeCXXCompilerABI.cpp"
  cmTC_7ad5f.vcxproj -> F:\Netife\NetifeDispatcher\cmake-build-debug-visual-studio\CMakeFiles\CMakeScratch\TryCompile-w1sorx\Debug\cmTC_7ad5f.exe



